<?xml version="1.0" encoding="UTF-8"?>
<!-- Generated by org.testng.reporters.JUnitXMLReporter -->
<testsuite hostname="Monas-MBP.fritz.box" ignored="0" name="BasicFlowE2E" tests="8" failures="0" timestamp="2021-09-14T21:14:49 CEST" time="81.412" errors="0">
  <testcase name="addAccounts" time="15.586" classname="tests.BasicFlowE2E"/>
  <testcase name="ValidateAccounts" time="9.467" classname="tests.BasicFlowE2E"/>
  <testcase name="AddIncome" time="10.078" classname="tests.BasicFlowE2E"/>
  <testcase name="AddExpense" time="15.231" classname="tests.BasicFlowE2E"/>
  <testcase name="ValidateTotal" time="4.391" classname="tests.BasicFlowE2E"/>
  <testcase name="AssertCategoryList" time="2.113" classname="tests.BasicFlowE2E"/>
  <testcase name="AssertCategoryAndValue" time="0.542" classname="tests.BasicFlowE2E"/>
  <testcase name="clearData" time="6.167" classname="tests.BasicFlowE2E"/>
</testsuite> <!-- BasicFlowE2E -->
